<?xml version="1.0" encoding="UTF-8"?>
<testng-results skipped="0" failed="0" ignored="0" total="5" passed="5">
  <reporter-output>
  </reporter-output>
  <suite name="Surefire suite" duration-ms="42006" started-at="2018-12-07T09:42:30Z" finished-at="2018-12-07T09:43:12Z">
    <groups>
      <group name="Sanity">
        <method signature="NewTest.test_1()[pri:0, instance:NewTest@6b2fad11]" name="test_1" class="NewTest"/>
        <method signature="NewTest.test_2()[pri:0, instance:NewTest@6b2fad11]" name="test_2" class="NewTest"/>
        <method signature="NewTest.test_3()[pri:0, instance:NewTest@6b2fad11]" name="test_3" class="NewTest"/>
      </group> <!-- Sanity -->
    </groups>
    <test name="Surefire test" duration-ms="42006" started-at="2018-12-07T09:42:30Z" finished-at="2018-12-07T09:43:12Z">
      <class name="NewTest">
        <test-method status="PASS" signature="test_1()[pri:0, instance:NewTest@6b2fad11]" name="test_1" duration-ms="10964" started-at="2018-12-07T09:42:30Z" finished-at="2018-12-07T09:42:41Z">
          <reporter-output>
          </reporter-output>
        </test-method> <!-- test_1 -->
        <test-method status="PASS" signature="test_2()[pri:0, instance:NewTest@6b2fad11]" name="test_2" duration-ms="7688" started-at="2018-12-07T09:42:41Z" finished-at="2018-12-07T09:42:48Z">
          <reporter-output>
          </reporter-output>
        </test-method> <!-- test_2 -->
        <test-method status="PASS" signature="test_3()[pri:0, instance:NewTest@6b2fad11]" name="test_3" duration-ms="7721" started-at="2018-12-07T09:42:48Z" finished-at="2018-12-07T09:42:56Z">
          <reporter-output>
          </reporter-output>
        </test-method> <!-- test_3 -->
        <test-method status="PASS" signature="test_4()[pri:0, instance:NewTest@6b2fad11]" name="test_4" duration-ms="8282" started-at="2018-12-07T09:42:56Z" finished-at="2018-12-07T09:43:04Z">
          <reporter-output>
          </reporter-output>
        </test-method> <!-- test_4 -->
        <test-method status="PASS" signature="test_5()[pri:0, instance:NewTest@6b2fad11]" name="test_5" duration-ms="7314" started-at="2018-12-07T09:43:04Z" finished-at="2018-12-07T09:43:12Z">
          <reporter-output>
          </reporter-output>
        </test-method> <!-- test_5 -->
      </class> <!-- NewTest -->
    </test> <!-- Surefire test -->
  </suite> <!-- Surefire suite -->
</testng-results>
